<?xml version="1.0" encoding="UTF-8"?>
<!-- Generated by org.testng.reporters.JUnitReportReporter -->
<testsuite hostname="mounika-lap" failures="0" tests="1" name="Tests.TestExamples" time="1.761" errors="0" timestamp="2023-11-21T14:54:45 IST" skipped="0">
  <testcase classname="Tests.TestExamples" name="method1" time="1.761"/>
</testsuite> <!-- Tests.TestExamples -->
