<?xml version="1.0" encoding="UTF-8"?>
<!-- Generated by org.testng.reporters.JUnitReportReporter -->
<testsuite hostname="mounika-lap" failures="0" tests="2" name="Tests.SimpleTest" time="0.007" errors="0" timestamp="2023-11-21T16:56:06 IST" skipped="0">
  <testcase classname="Tests.SimpleTest" name="aFastTest" time="0.005"/>
  <testcase classname="Tests.SimpleTest" name="aSlowTest" time="0.002"/>
</testsuite> <!-- Tests.SimpleTest -->
